<?xml version="1.0" encoding="UTF-8"?>
<testng-results ignored="0" total="1" passed="1" failed="0" skipped="0">
  <reporter-output>
  </reporter-output>
  <suite started-at="2023-11-06T15:10:50 IST" name="Default suite" finished-at="2023-11-06T15:11:04 IST" duration-ms="13988">
    <groups>
    </groups>
    <test started-at="2023-11-06T15:10:50 IST" name="Default test" finished-at="2023-11-06T15:11:04 IST" duration-ms="13988">
      <class name="PageObject.LoginTest">
        <test-method is-config="true" signature="setup()[pri:0, instance:PageObject.LoginTest@2de23121]" started-at="2023-11-06T15:10:50 IST" name="setup" finished-at="2023-11-06T15:11:03 IST" duration-ms="12565" status="PASS">
          <reporter-output>
          </reporter-output>
        </test-method> <!-- setup -->
        <test-method signature="testLogin()[pri:0, instance:PageObject.LoginTest@2de23121]" started-at="2023-11-06T15:11:03 IST" name="testLogin" finished-at="2023-11-06T15:11:04 IST" duration-ms="1026" status="PASS">
          <reporter-output>
          </reporter-output>
        </test-method> <!-- testLogin -->
        <test-method is-config="true" signature="tearDown()[pri:0, instance:PageObject.LoginTest@2de23121]" started-at="2023-11-06T15:11:04 IST" name="tearDown" finished-at="2023-11-06T15:11:04 IST" duration-ms="331" status="PASS">
          <reporter-output>
          </reporter-output>
        </test-method> <!-- tearDown -->
      </class> <!-- PageObject.LoginTest -->
    </test> <!-- Default test -->
  </suite> <!-- Default suite -->
</testng-results>
